<?xml version="1.0" encoding="UTF-8"?>
<coverage generated="1701122021088" clover="3.2.0">
  <project timestamp="1701122021088" name="All files">
    <metrics statements="20" coveredstatements="16" conditionals="1" coveredconditionals="1" methods="4" coveredmethods="1" elements="25" coveredelements="18" complexity="0" loc="20" ncloc="20" packages="1" files="1" classes="1"/>
    <file name="http-client.plugin.ts" path="/Users/leonardoomanacortes/Documents/dev/devtalles/node/02-node-ts-typescript/src/plugins/http-client.plugin.ts">
      <metrics statements="20" coveredstatements="16" conditionals="1" coveredconditionals="1" methods="4" coveredmethods="1"/>
      <line num="1" count="1" type="stmt"/>
      <line num="2" count="1" type="stmt"/>
      <line num="3" count="1" type="stmt"/>
      <line num="4" count="1" type="cond" truecount="1" falsecount="0"/>
      <line num="5" count="1" type="stmt"/>
      <line num="6" count="1" type="stmt"/>
      <line num="7" count="1" type="stmt"/>
      <line num="8" count="1" type="stmt"/>
      <line num="9" count="1" type="stmt"/>
      <line num="10" count="1" type="stmt"/>
      <line num="11" count="1" type="stmt"/>
      <line num="12" count="0" type="stmt"/>
      <line num="13" count="1" type="stmt"/>
      <line num="14" count="1" type="stmt"/>
      <line num="15" count="0" type="stmt"/>
      <line num="16" count="1" type="stmt"/>
      <line num="17" count="1" type="stmt"/>
      <line num="18" count="0" type="stmt"/>
      <line num="19" count="0" type="stmt"/>
      <line num="20" count="1" type="stmt"/>
    </file>
  </project>
</coverage>
