{"/Users/leonardoomanacortes/Documents/dev/devtalles/node/02-node-ts-typescript/src/js-foundations/01-template.ts": {"path":"/Users/leonardoomanacortes/Documents/dev/devtalles/node/02-node-ts-typescript/src/js-foundations/01-template.ts","all":false,"statementMap":{"0":{"start":{"line":1,"column":0},"end":{"line":1,"column":30}},"1":{"start":{"line":2,"column":0},"end":{"line":2,"column":5}},"2":{"start":{"line":3,"column":0},"end":{"line":3,"column":25}},"3":{"start":{"line":4,"column":0},"end":{"line":4,"column":36}},"4":{"start":{"line":5,"column":0},"end":{"line":5,"column":32}},"5":{"start":{"line":6,"column":0},"end":{"line":6,"column":7}}},"s":{"0":1,"1":1,"2":1,"3":1,"4":1,"5":1},"branchMap":{},"b":{},"fnMap":{},"f":{}}
,"/Users/leonardoomanacortes/Documents/dev/devtalles/node/02-node-ts-typescript/src/js-foundations/02-destructuring.ts": {"path":"/Users/leonardoomanacortes/Documents/dev/devtalles/node/02-node-ts-typescript/src/js-foundations/02-destructuring.ts","all":false,"statementMap":{"0":{"start":{"line":1,"column":0},"end":{"line":1,"column":30}},"1":{"start":{"line":2,"column":0},"end":{"line":2,"column":0}},"2":{"start":{"line":3,"column":0},"end":{"line":3,"column":68}},"3":{"start":{"line":4,"column":0},"end":{"line":4,"column":0}},"4":{"start":{"line":5,"column":0},"end":{"line":5,"column":67}},"5":{"start":{"line":6,"column":0},"end":{"line":6,"column":0}},"6":{"start":{"line":7,"column":0},"end":{"line":7,"column":74}},"7":{"start":{"line":8,"column":0},"end":{"line":8,"column":0}},"8":{"start":{"line":9,"column":0},"end":{"line":9,"column":33}},"9":{"start":{"line":10,"column":0},"end":{"line":10,"column":0}},"10":{"start":{"line":11,"column":0},"end":{"line":11,"column":23}}},"s":{"0":1,"1":1,"2":1,"3":1,"4":1,"5":1,"6":1,"7":1,"8":1,"9":1,"10":1},"branchMap":{},"b":{},"fnMap":{},"f":{}}
,"/Users/leonardoomanacortes/Documents/dev/devtalles/node/02-node-ts-typescript/src/js-foundations/03-callbacks.ts": {"path":"/Users/leonardoomanacortes/Documents/dev/devtalles/node/02-node-ts-typescript/src/js-foundations/03-callbacks.ts","all":false,"statementMap":{"0":{"start":{"line":1,"column":0},"end":{"line":1,"column":16}},"1":{"start":{"line":2,"column":0},"end":{"line":2,"column":12}},"2":{"start":{"line":3,"column":0},"end":{"line":3,"column":14}},"3":{"start":{"line":4,"column":0},"end":{"line":4,"column":1}},"4":{"start":{"line":5,"column":0},"end":{"line":5,"column":0}},"5":{"start":{"line":6,"column":0},"end":{"line":6,"column":23}},"6":{"start":{"line":7,"column":0},"end":{"line":7,"column":3}},"7":{"start":{"line":8,"column":0},"end":{"line":8,"column":10}},"8":{"start":{"line":9,"column":0},"end":{"line":9,"column":20}},"9":{"start":{"line":10,"column":0},"end":{"line":10,"column":4}},"10":{"start":{"line":11,"column":0},"end":{"line":11,"column":3}},"11":{"start":{"line":12,"column":0},"end":{"line":12,"column":10}},"12":{"start":{"line":13,"column":0},"end":{"line":13,"column":20}},"13":{"start":{"line":14,"column":0},"end":{"line":14,"column":3}},"14":{"start":{"line":15,"column":0},"end":{"line":15,"column":1}},"15":{"start":{"line":16,"column":0},"end":{"line":16,"column":0}},"16":{"start":{"line":17,"column":0},"end":{"line":17,"column":28}},"17":{"start":{"line":18,"column":0},"end":{"line":18,"column":13}},"18":{"start":{"line":19,"column":0},"end":{"line":19,"column":47}},"19":{"start":{"line":20,"column":0},"end":{"line":20,"column":3}},"20":{"start":{"line":21,"column":0},"end":{"line":21,"column":43}},"21":{"start":{"line":22,"column":0},"end":{"line":22,"column":25}},"22":{"start":{"line":23,"column":0},"end":{"line":23,"column":4}},"23":{"start":{"line":24,"column":0},"end":{"line":24,"column":0}},"24":{"start":{"line":25,"column":0},"end":{"line":25,"column":14}},"25":{"start":{"line":26,"column":0},"end":{"line":26,"column":51}},"26":{"start":{"line":27,"column":0},"end":{"line":27,"column":3}},"27":{"start":{"line":28,"column":0},"end":{"line":28,"column":0}},"28":{"start":{"line":29,"column":0},"end":{"line":29,"column":34}},"29":{"start":{"line":30,"column":0},"end":{"line":30,"column":1}}},"s":{"0":1,"1":1,"2":1,"3":1,"4":1,"5":1,"6":1,"7":1,"8":1,"9":1,"10":1,"11":1,"12":1,"13":1,"14":1,"15":1,"16":2,"17":2,"18":2,"19":2,"20":2,"21":3,"22":2,"23":2,"24":2,"25":1,"26":1,"27":1,"28":1,"29":1},"branchMap":{"0":{"type":"branch","line":17,"loc":{"start":{"line":17,"column":0},"end":{"line":30,"column":1}},"locations":[{"start":{"line":17,"column":0},"end":{"line":30,"column":1}}]},"1":{"type":"branch","line":25,"loc":{"start":{"line":25,"column":13},"end":{"line":30,"column":1}},"locations":[{"start":{"line":25,"column":13},"end":{"line":30,"column":1}}]},"2":{"type":"branch","line":21,"loc":{"start":{"line":21,"column":26},"end":{"line":23,"column":3}},"locations":[{"start":{"line":21,"column":26},"end":{"line":23,"column":3}}]}},"b":{"0":[2],"1":[1],"2":[3]},"fnMap":{"0":{"name":"getUserById","decl":{"start":{"line":17,"column":0},"end":{"line":30,"column":1}},"loc":{"start":{"line":17,"column":0},"end":{"line":30,"column":1}},"line":17}},"f":{"0":2}}
,"/Users/leonardoomanacortes/Documents/dev/devtalles/node/02-node-ts-typescript/src/js-foundations/05-factory.ts": {"path":"/Users/leonardoomanacortes/Documents/dev/devtalles/node/02-node-ts-typescript/src/js-foundations/05-factory.ts","all":false,"statementMap":{"0":{"start":{"line":1,"column":0},"end":{"line":1,"column":59}},"1":{"start":{"line":2,"column":0},"end":{"line":2,"column":59}},"2":{"start":{"line":3,"column":0},"end":{"line":3,"column":53}},"3":{"start":{"line":4,"column":0},"end":{"line":4,"column":35}},"4":{"start":{"line":5,"column":0},"end":{"line":5,"column":23}},"5":{"start":{"line":6,"column":0},"end":{"line":6,"column":39}},"6":{"start":{"line":7,"column":0},"end":{"line":7,"column":1}},"7":{"start":{"line":8,"column":0},"end":{"line":8,"column":0}},"8":{"start":{"line":9,"column":0},"end":{"line":9,"column":25}},"9":{"start":{"line":10,"column":0},"end":{"line":10,"column":14}},"10":{"start":{"line":11,"column":0},"end":{"line":11,"column":19}},"11":{"start":{"line":12,"column":0},"end":{"line":12,"column":1}},"12":{"start":{"line":13,"column":0},"end":{"line":13,"column":0}},"13":{"start":{"line":14,"column":0},"end":{"line":14,"column":33}},"14":{"start":{"line":15,"column":0},"end":{"line":15,"column":9}},"15":{"start":{"line":16,"column":0},"end":{"line":16,"column":9}},"16":{"start":{"line":17,"column":0},"end":{"line":17,"column":32}},"17":{"start":{"line":18,"column":0},"end":{"line":18,"column":50}},"18":{"start":{"line":19,"column":0},"end":{"line":19,"column":12}},"19":{"start":{"line":20,"column":0},"end":{"line":20,"column":20}},"20":{"start":{"line":21,"column":0},"end":{"line":21,"column":17}},"21":{"start":{"line":22,"column":0},"end":{"line":22,"column":27}},"22":{"start":{"line":23,"column":0},"end":{"line":23,"column":28}},"23":{"start":{"line":24,"column":0},"end":{"line":24,"column":5}},"24":{"start":{"line":25,"column":0},"end":{"line":25,"column":3}},"25":{"start":{"line":26,"column":0},"end":{"line":26,"column":1}},"26":{"start":{"line":27,"column":0},"end":{"line":27,"column":0}},"27":{"start":{"line":28,"column":0},"end":{"line":28,"column":57}},"28":{"start":{"line":29,"column":0},"end":{"line":29,"column":0}},"29":{"start":{"line":30,"column":0},"end":{"line":30,"column":35}},"30":{"start":{"line":31,"column":0},"end":{"line":31,"column":0}},"31":{"start":{"line":32,"column":0},"end":{"line":32,"column":21}}},"s":{"0":1,"1":1,"2":1,"3":1,"4":1,"5":1,"6":1,"7":1,"8":1,"9":1,"10":1,"11":1,"12":1,"13":1,"14":2,"15":2,"16":2,"17":2,"18":1,"19":1,"20":1,"21":1,"22":1,"23":1,"24":1,"25":2,"26":1,"27":1,"28":1,"29":1,"30":1,"31":1},"branchMap":{"0":{"type":"branch","line":14,"loc":{"start":{"line":14,"column":31},"end":{"line":26,"column":1}},"locations":[{"start":{"line":14,"column":31},"end":{"line":26,"column":1}}]},"1":{"type":"branch","line":18,"loc":{"start":{"line":18,"column":9},"end":{"line":25,"column":3}},"locations":[{"start":{"line":18,"column":9},"end":{"line":25,"column":3}}]}},"b":{"0":[2],"1":[1]},"fnMap":{"0":{"name":"buildMakePerson","decl":{"start":{"line":14,"column":31},"end":{"line":26,"column":1}},"loc":{"start":{"line":14,"column":31},"end":{"line":26,"column":1}},"line":14}},"f":{"0":2}}
,"/Users/leonardoomanacortes/Documents/dev/devtalles/node/02-node-ts-typescript/src/js-foundations/06-promises.ts": {"path":"/Users/leonardoomanacortes/Documents/dev/devtalles/node/02-node-ts-typescript/src/js-foundations/06-promises.ts","all":false,"statementMap":{"0":{"start":{"line":1,"column":0},"end":{"line":1,"column":72}},"1":{"start":{"line":2,"column":0},"end":{"line":2,"column":42}},"2":{"start":{"line":3,"column":0},"end":{"line":3,"column":0}},"3":{"start":{"line":4,"column":0},"end":{"line":4,"column":79}},"4":{"start":{"line":5,"column":0},"end":{"line":5,"column":7}},"5":{"start":{"line":6,"column":0},"end":{"line":6,"column":57}},"6":{"start":{"line":7,"column":0},"end":{"line":7,"column":39}},"7":{"start":{"line":8,"column":0},"end":{"line":8,"column":23}},"8":{"start":{"line":9,"column":0},"end":{"line":9,"column":19}},"9":{"start":{"line":10,"column":0},"end":{"line":10,"column":43}},"10":{"start":{"line":11,"column":0},"end":{"line":11,"column":3}},"11":{"start":{"line":12,"column":0},"end":{"line":12,"column":0}},"12":{"start":{"line":13,"column":0},"end":{"line":13,"column":37}},"13":{"start":{"line":14,"column":0},"end":{"line":14,"column":39}},"14":{"start":{"line":15,"column":0},"end":{"line":15,"column":0}},"15":{"start":{"line":16,"column":0},"end":{"line":16,"column":42}},"16":{"start":{"line":17,"column":0},"end":{"line":17,"column":0}},"17":{"start":{"line":18,"column":0},"end":{"line":18,"column":24}},"18":{"start":{"line":19,"column":0},"end":{"line":19,"column":38}},"19":{"start":{"line":20,"column":0},"end":{"line":20,"column":64}},"20":{"start":{"line":21,"column":0},"end":{"line":21,"column":44}},"21":{"start":{"line":22,"column":0},"end":{"line":22,"column":1}}},"s":{"0":1,"1":1,"2":1,"3":1,"4":2,"5":2,"6":2,"7":1,"8":1,"9":1,"10":1,"11":2,"12":2,"13":2,"14":2,"15":2,"16":2,"17":2,"18":2,"19":2,"20":2,"21":2},"branchMap":{"0":{"type":"branch","line":4,"loc":{"start":{"line":4,"column":30},"end":{"line":22,"column":1}},"locations":[{"start":{"line":4,"column":30},"end":{"line":22,"column":1}}]},"1":{"type":"branch","line":8,"loc":{"start":{"line":8,"column":-1},"end":{"line":11,"column":3}},"locations":[{"start":{"line":8,"column":-1},"end":{"line":11,"column":3}}]}},"b":{"0":[2],"1":[1]},"fnMap":{"0":{"name":"getPokemonById","decl":{"start":{"line":4,"column":30},"end":{"line":22,"column":1}},"loc":{"start":{"line":4,"column":30},"end":{"line":22,"column":1}},"line":4}},"f":{"0":2}}
,"/Users/leonardoomanacortes/Documents/dev/devtalles/node/02-node-ts-typescript/src/plugins/get-age.plugin.ts": {"path":"/Users/leonardoomanacortes/Documents/dev/devtalles/node/02-node-ts-typescript/src/plugins/get-age.plugin.ts","all":false,"statementMap":{"0":{"start":{"line":1,"column":0},"end":{"line":1,"column":43}},"1":{"start":{"line":2,"column":0},"end":{"line":2,"column":0}},"2":{"start":{"line":3,"column":0},"end":{"line":3,"column":46}},"3":{"start":{"line":4,"column":0},"end":{"line":4,"column":36}},"4":{"start":{"line":5,"column":0},"end":{"line":5,"column":60}},"5":{"start":{"line":6,"column":0},"end":{"line":6,"column":0}},"6":{"start":{"line":7,"column":0},"end":{"line":7,"column":69}},"7":{"start":{"line":8,"column":0},"end":{"line":8,"column":1}}},"s":{"0":1,"1":1,"2":1,"3":3,"4":3,"5":3,"6":3,"7":3},"branchMap":{"0":{"type":"branch","line":3,"loc":{"start":{"line":3,"column":22},"end":{"line":8,"column":1}},"locations":[{"start":{"line":3,"column":22},"end":{"line":8,"column":1}}]}},"b":{"0":[3]},"fnMap":{"0":{"name":"getAge","decl":{"start":{"line":3,"column":22},"end":{"line":8,"column":1}},"loc":{"start":{"line":3,"column":22},"end":{"line":8,"column":1}},"line":3}},"f":{"0":3}}
,"/Users/leonardoomanacortes/Documents/dev/devtalles/node/02-node-ts-typescript/src/plugins/get-id.plugin.ts": {"path":"/Users/leonardoomanacortes/Documents/dev/devtalles/node/02-node-ts-typescript/src/plugins/get-id.plugin.ts","all":false,"statementMap":{"0":{"start":{"line":1,"column":0},"end":{"line":1,"column":35}},"1":{"start":{"line":2,"column":0},"end":{"line":2,"column":0}},"2":{"start":{"line":3,"column":0},"end":{"line":3,"column":44}},"3":{"start":{"line":4,"column":0},"end":{"line":4,"column":0}},"4":{"start":{"line":5,"column":0},"end":{"line":5,"column":30}},"5":{"start":{"line":6,"column":0},"end":{"line":6,"column":17}},"6":{"start":{"line":7,"column":0},"end":{"line":7,"column":1}}},"s":{"0":1,"1":1,"2":1,"3":1,"4":1,"5":1,"6":1},"branchMap":{"0":{"type":"branch","line":5,"loc":{"start":{"line":5,"column":23},"end":{"line":7,"column":1}},"locations":[{"start":{"line":5,"column":23},"end":{"line":7,"column":1}}]}},"b":{"0":[1]},"fnMap":{"0":{"name":"getUUID","decl":{"start":{"line":5,"column":23},"end":{"line":7,"column":1}},"loc":{"start":{"line":5,"column":23},"end":{"line":7,"column":1}},"line":5}},"f":{"0":1}}
,"/Users/leonardoomanacortes/Documents/dev/devtalles/node/02-node-ts-typescript/src/plugins/http-client.plugin.ts": {"path":"/Users/leonardoomanacortes/Documents/dev/devtalles/node/02-node-ts-typescript/src/plugins/http-client.plugin.ts","all":false,"statementMap":{"0":{"start":{"line":1,"column":0},"end":{"line":1,"column":25}},"1":{"start":{"line":2,"column":0},"end":{"line":2,"column":0}},"2":{"start":{"line":3,"column":0},"end":{"line":3,"column":33}},"3":{"start":{"line":4,"column":0},"end":{"line":4,"column":31}},"4":{"start":{"line":5,"column":0},"end":{"line":5,"column":41}},"5":{"start":{"line":6,"column":0},"end":{"line":6,"column":15}},"6":{"start":{"line":7,"column":0},"end":{"line":7,"column":39}},"7":{"start":{"line":8,"column":0},"end":{"line":8,"column":32}},"8":{"start":{"line":9,"column":0},"end":{"line":9,"column":4}},"9":{"start":{"line":10,"column":0},"end":{"line":10,"column":0}},"10":{"start":{"line":11,"column":0},"end":{"line":11,"column":43}},"11":{"start":{"line":12,"column":0},"end":{"line":12,"column":38}},"12":{"start":{"line":13,"column":0},"end":{"line":13,"column":4}},"13":{"start":{"line":14,"column":0},"end":{"line":14,"column":42}},"14":{"start":{"line":15,"column":0},"end":{"line":15,"column":38}},"15":{"start":{"line":16,"column":0},"end":{"line":16,"column":4}},"16":{"start":{"line":17,"column":0},"end":{"line":17,"column":34}},"17":{"start":{"line":18,"column":0},"end":{"line":18,"column":38}},"18":{"start":{"line":19,"column":0},"end":{"line":19,"column":3}},"19":{"start":{"line":20,"column":0},"end":{"line":20,"column":1}}},"s":{"0":1,"1":1,"2":1,"3":1,"4":3,"5":2,"6":2,"7":2,"8":1,"9":1,"10":1,"11":0,"12":1,"13":1,"14":0,"15":1,"16":1,"17":0,"18":0,"19":1},"branchMap":{"0":{"type":"branch","line":4,"loc":{"start":{"line":4,"column":7},"end":{"line":9,"column":3}},"locations":[{"start":{"line":4,"column":7},"end":{"line":9,"column":3}}]},"1":{"type":"branch","line":6,"loc":{"start":{"line":6,"column":-1},"end":{"line":9,"column":3}},"locations":[{"start":{"line":6,"column":-1},"end":{"line":9,"column":3}}]}},"b":{"0":[3],"1":[2]},"fnMap":{"0":{"name":"get","decl":{"start":{"line":4,"column":7},"end":{"line":9,"column":3}},"loc":{"start":{"line":4,"column":7},"end":{"line":9,"column":3}},"line":4},"1":{"name":"post","decl":{"start":{"line":11,"column":8},"end":{"line":13,"column":3}},"loc":{"start":{"line":11,"column":8},"end":{"line":13,"column":3}},"line":11},"2":{"name":"put","decl":{"start":{"line":14,"column":7},"end":{"line":16,"column":3}},"loc":{"start":{"line":14,"column":7},"end":{"line":16,"column":3}},"line":14},"3":{"name":"delete","decl":{"start":{"line":17,"column":10},"end":{"line":19,"column":3}},"loc":{"start":{"line":17,"column":10},"end":{"line":19,"column":3}},"line":17}},"f":{"0":3,"1":0,"2":0,"3":0}}
,"/Users/leonardoomanacortes/Documents/dev/devtalles/node/02-node-ts-typescript/src/plugins/index.ts": {"path":"/Users/leonardoomanacortes/Documents/dev/devtalles/node/02-node-ts-typescript/src/plugins/index.ts","all":false,"statementMap":{"0":{"start":{"line":1,"column":0},"end":{"line":1,"column":41}},"1":{"start":{"line":2,"column":0},"end":{"line":2,"column":41}},"2":{"start":{"line":3,"column":0},"end":{"line":3,"column":69}},"3":{"start":{"line":4,"column":0},"end":{"line":4,"column":45}}},"s":{"0":1,"1":1,"2":1,"3":1},"branchMap":{"0":{"type":"branch","line":1,"loc":{"start":{"line":1,"column":9},"end":{"line":1,"column":41}},"locations":[{"start":{"line":1,"column":9},"end":{"line":1,"column":41}}]},"1":{"type":"branch","line":2,"loc":{"start":{"line":2,"column":9},"end":{"line":2,"column":41}},"locations":[{"start":{"line":2,"column":9},"end":{"line":2,"column":41}}]}},"b":{"0":[3],"1":[1]},"fnMap":{"0":{"name":"get","decl":{"start":{"line":1,"column":9},"end":{"line":1,"column":41}},"loc":{"start":{"line":1,"column":9},"end":{"line":1,"column":41}},"line":1},"1":{"name":"get","decl":{"start":{"line":2,"column":9},"end":{"line":2,"column":41}},"loc":{"start":{"line":2,"column":9},"end":{"line":2,"column":41}},"line":2},"2":{"name":"get","decl":{"start":{"line":3,"column":9},"end":{"line":3,"column":39}},"loc":{"start":{"line":3,"column":9},"end":{"line":3,"column":39}},"line":3},"3":{"name":"get","decl":{"start":{"line":4,"column":9},"end":{"line":4,"column":45}},"loc":{"start":{"line":4,"column":9},"end":{"line":4,"column":45}},"line":4}},"f":{"0":3,"1":1,"2":0,"3":0}}
,"/Users/leonardoomanacortes/Documents/dev/devtalles/node/02-node-ts-typescript/src/plugins/logger.plugin.ts": {"path":"/Users/leonardoomanacortes/Documents/dev/devtalles/node/02-node-ts-typescript/src/plugins/logger.plugin.ts","all":false,"statementMap":{"0":{"start":{"line":1,"column":0},"end":{"line":1,"column":41}},"1":{"start":{"line":2,"column":0},"end":{"line":2,"column":0}},"2":{"start":{"line":3,"column":0},"end":{"line":3,"column":43}},"3":{"start":{"line":4,"column":0},"end":{"line":4,"column":0}},"4":{"start":{"line":5,"column":0},"end":{"line":5,"column":44}},"5":{"start":{"line":6,"column":0},"end":{"line":6,"column":16}},"6":{"start":{"line":7,"column":0},"end":{"line":7,"column":39}},"7":{"start":{"line":8,"column":0},"end":{"line":8,"column":46}},"8":{"start":{"line":9,"column":0},"end":{"line":9,"column":15}},"9":{"start":{"line":10,"column":0},"end":{"line":10,"column":6}},"10":{"start":{"line":11,"column":0},"end":{"line":11,"column":79}},"11":{"start":{"line":12,"column":0},"end":{"line":12,"column":81}},"12":{"start":{"line":13,"column":0},"end":{"line":13,"column":6}},"13":{"start":{"line":14,"column":0},"end":{"line":14,"column":75}},"14":{"start":{"line":15,"column":0},"end":{"line":15,"column":61}},"15":{"start":{"line":16,"column":0},"end":{"line":16,"column":3}},"16":{"start":{"line":17,"column":0},"end":{"line":17,"column":2}},"17":{"start":{"line":18,"column":0},"end":{"line":18,"column":0}},"18":{"start":{"line":19,"column":0},"end":{"line":19,"column":11}},"19":{"start":{"line":20,"column":0},"end":{"line":20,"column":34}},"20":{"start":{"line":21,"column":0},"end":{"line":21,"column":35}},"21":{"start":{"line":22,"column":0},"end":{"line":22,"column":4}},"22":{"start":{"line":23,"column":0},"end":{"line":23,"column":1}},"23":{"start":{"line":24,"column":0},"end":{"line":24,"column":0}},"24":{"start":{"line":25,"column":0},"end":{"line":25,"column":49}},"25":{"start":{"line":26,"column":0},"end":{"line":26,"column":10}},"26":{"start":{"line":27,"column":0},"end":{"line":27,"column":31}},"27":{"start":{"line":28,"column":0},"end":{"line":28,"column":46}},"28":{"start":{"line":29,"column":0},"end":{"line":29,"column":6}},"29":{"start":{"line":30,"column":0},"end":{"line":30,"column":33}},"30":{"start":{"line":31,"column":0},"end":{"line":31,"column":29}},"31":{"start":{"line":32,"column":0},"end":{"line":32,"column":16}},"32":{"start":{"line":33,"column":0},"end":{"line":33,"column":15}},"33":{"start":{"line":34,"column":0},"end":{"line":34,"column":8}},"34":{"start":{"line":35,"column":0},"end":{"line":35,"column":5}},"35":{"start":{"line":36,"column":0},"end":{"line":36,"column":3}},"36":{"start":{"line":37,"column":0},"end":{"line":37,"column":1}}},"s":{"0":1,"1":1,"2":1,"3":1,"4":1,"5":1,"6":1,"7":1,"8":1,"9":1,"10":1,"11":1,"12":1,"13":1,"14":1,"15":1,"16":1,"17":1,"18":1,"19":1,"20":1,"21":1,"22":1,"23":1,"24":1,"25":2,"26":2,"27":1,"28":2,"29":2,"30":0,"31":0,"32":0,"33":0,"34":0,"35":2,"36":2},"branchMap":{"0":{"type":"branch","line":25,"loc":{"start":{"line":25,"column":27},"end":{"line":37,"column":1}},"locations":[{"start":{"line":25,"column":27},"end":{"line":37,"column":1}}]},"1":{"type":"branch","line":27,"loc":{"start":{"line":27,"column":9},"end":{"line":29,"column":5}},"locations":[{"start":{"line":27,"column":9},"end":{"line":29,"column":5}}]}},"b":{"0":[2],"1":[1]},"fnMap":{"0":{"name":"buildLogger","decl":{"start":{"line":25,"column":27},"end":{"line":37,"column":1}},"loc":{"start":{"line":25,"column":27},"end":{"line":37,"column":1}},"line":25},"1":{"name":"log","decl":{"start":{"line":27,"column":9},"end":{"line":29,"column":5}},"loc":{"start":{"line":27,"column":9},"end":{"line":29,"column":5}},"line":27},"2":{"name":"error","decl":{"start":{"line":30,"column":11},"end":{"line":35,"column":5}},"loc":{"start":{"line":30,"column":11},"end":{"line":35,"column":5}},"line":30}},"f":{"0":2,"1":1,"2":0}}
}
